\BOOKMARK [0][-]{chapter*.1}{\376\377\000L\000i\000s\000t\000\040\000o\000f\000\040\000A\000b\000b\000r\000e\000v\000i\000a\000t\000i\000o\000n\000s}{}% 1
\BOOKMARK [0][-]{chapter.2}{\376\377\0001\000\040\000I\000n\000t\000r\000o\000d\000u\000c\000t\000i\000o\000n}{}% 2
\BOOKMARK [1][-]{section.3}{\376\377\0001\000.\0001\000\040\000I\000n\000t\000r\000o\000d\000u\000c\000t\000i\000o\000n}{chapter.2}% 3
\BOOKMARK [0][-]{chapter.4}{\376\377\0002\000\040\000P\000r\000o\000j\000e\000c\000t\000\040\000G\000o\000a\000l\000s\000\040\000a\000n\000d\000\040\000R\000e\000q\000u\000i\000r\000e\000m\000e\000n\000t\000s}{}% 4
\BOOKMARK [0][-]{chapter.5}{\376\377\0003\000\040\000S\000o\000f\000t\000w\000a\000r\000e\000\040\000D\000e\000v\000e\000l\000o\000p\000m\000e\000n\000t\000\040\000L\000i\000f\000e\000\040\000C\000y\000c\000l\000e\000\040\000\050\000S\000D\000L\000C\000\051}{}% 5
\BOOKMARK [1][-]{section.6}{\376\377\0003\000.\0001\000\040\000R\000e\000q\000u\000i\000r\000e\000m\000e\000n\000t\000\040\000A\000n\000a\000l\000y\000s\000i\000s}{chapter.5}% 6
\BOOKMARK [1][-]{section.7}{\376\377\0003\000.\0002\000\040\000M\000o\000d\000u\000l\000e\000s\000\040\000I\000m\000p\000l\000e\000m\000e\000n\000t\000e\000d}{chapter.5}% 7
\BOOKMARK [1][-]{section.19}{\376\377\0003\000.\0003\000\040\000D\000e\000s\000i\000g\000n\000\040\000t\000h\000e\000\040\000S\000y\000s\000t\000e\000m\000\040\000A\000r\000c\000h\000i\000t\000e\000c\000t\000u\000r\000e}{chapter.5}% 8
\BOOKMARK [1][-]{section.21}{\376\377\0003\000.\0004\000\040\000I\000m\000p\000l\000e\000m\000e\000n\000t\000a\000t\000i\000o\000n}{chapter.5}% 9
\BOOKMARK [1][-]{section.22}{\376\377\0003\000.\0005\000\040\000T\000e\000s\000t\000i\000n\000g\000\040\000t\000h\000e\000\040\000a\000p\000p\000l\000i\000c\000a\000t\000i\000o\000n\000\040\000a\000n\000d\000\040\000i\000t\000s\000\040\000f\000u\000n\000c\000t\000i\000o\000n\000a\000l\000i\000t\000i\000e\000s}{chapter.5}% 10
\BOOKMARK [0][-]{chapter.23}{\376\377\0004\000\040\000E\000l\000e\000m\000e\000n\000t\000s\000\040\000o\000f\000\040\000S\000D\000L\000C}{}% 11
\BOOKMARK [1][-]{section.24}{\376\377\0004\000.\0001\000\040\000S\000D\000L\000C\000\040\000M\000e\000t\000h\000o\000d\000o\000l\000o\000g\000y}{chapter.23}% 12
\BOOKMARK [1][-]{section.25}{\376\377\0004\000.\0002\000\040\000G\000a\000n\000t\000t\000\040\000C\000h\000a\000r\000t}{chapter.23}% 13
\BOOKMARK [1][-]{section.27}{\376\377\0004\000.\0003\000\040\000F\000u\000n\000c\000t\000i\000o\000n\000a\000l\000\040\000R\000e\000q\000u\000i\000r\000e\000m\000e\000n\000t\000s}{chapter.23}% 14
\BOOKMARK [1][-]{section.32}{\376\377\0004\000.\0004\000\040\000T\000e\000c\000h\000n\000i\000c\000a\000l\000\040\000R\000e\000q\000u\000i\000r\000e\000m\000e\000n\000t\000s}{chapter.23}% 15
\BOOKMARK [1][-]{section.50}{\376\377\0004\000.\0005\000\040\000N\000o\000n\000-\000f\000u\000n\000c\000t\000i\000o\000n\000a\000l\000\040\000R\000e\000q\000u\000i\000r\000e\000m\000e\000n\000t\000s}{chapter.23}% 16
\BOOKMARK [1][-]{section.57}{\376\377\0004\000.\0006\000\040\000I\000m\000p\000l\000e\000m\000e\000n\000t\000a\000t\000i\000o\000n}{chapter.23}% 17
\BOOKMARK [1][-]{section.58}{\376\377\0004\000.\0007\000\040\000T\000e\000s\000t\000i\000n\000g}{chapter.23}% 18
\BOOKMARK [1][-]{section.59}{\376\377\0004\000.\0008\000\040\000E\000v\000o\000l\000u\000t\000i\000o\000n}{chapter.23}% 19
\BOOKMARK [0][-]{chapter.65}{\376\377\0005\000\040\000U\000s\000e\000r\000\040\000I\000n\000t\000e\000r\000f\000a\000c\000e\000\040\000a\000n\000d\000\040\000F\000e\000a\000t\000u\000r\000e\000s}{}% 20
\BOOKMARK [1][-]{section.66}{\376\377\0005\000.\0001\000\040\000W\000i\000r\000e\000f\000r\000a\000m\000e\000s\000\040\000a\000n\000d\000\040\000U\000s\000e\000r\000\040\000J\000o\000u\000r\000n\000e\000y}{chapter.65}% 21
\BOOKMARK [0][-]{chapter.81}{\376\377\0006\000\040\000D\000e\000t\000a\000i\000l\000e\000d\000\040\000S\000y\000s\000t\000e\000m\000\040\000D\000e\000s\000i\000g\000n\000\040\000a\000n\000d\000\040\000I\000m\000p\000l\000e\000m\000e\000n\000t\000a\000t\000i\000o\000n}{}% 22
\BOOKMARK [1][-]{section.82}{\376\377\0006\000.\0001\000\040\000B\000a\000c\000k\000e\000n\000d\000\040\000I\000m\000p\000l\000e\000m\000e\000n\000t\000a\000t\000i\000o\000n\000\040\000\050\000D\000j\000a\000n\000g\000o\000\051}{chapter.81}% 23
\BOOKMARK [2][-]{subsection.83}{\376\377\0006\000.\0001\000.\0001\000\040\000P\000r\000o\000j\000e\000c\000t\000\040\000S\000t\000r\000u\000c\000t\000u\000r\000e}{section.82}% 24
\BOOKMARK [2][-]{subsection.84}{\376\377\0006\000.\0001\000.\0002\000\040\000A\000P\000I\000\040\000D\000e\000s\000i\000g\000n\000\040\000\050\000D\000R\000F\000\051}{section.82}% 25
\BOOKMARK [2][-]{subsection.85}{\376\377\0006\000.\0001\000.\0003\000\040\000A\000u\000t\000h\000e\000n\000t\000i\000c\000a\000t\000i\000o\000n\000\040\000a\000n\000d\000\040\000A\000u\000t\000h\000o\000r\000i\000z\000a\000t\000i\000o\000n}{section.82}% 26
\BOOKMARK [1][-]{section.86}{\376\377\0006\000.\0002\000\040\000F\000r\000o\000n\000t\000e\000n\000d\000\040\000I\000m\000p\000l\000e\000m\000e\000n\000t\000a\000t\000i\000o\000n\000\040\000\050\000V\000a\000n\000i\000l\000l\000a\000\040\000J\000S\000\051}{chapter.81}% 27
\BOOKMARK [2][-]{subsection.87}{\376\377\0006\000.\0002\000.\0001\000\040\000S\000P\000A\000\040\000A\000r\000c\000h\000i\000t\000e\000c\000t\000u\000r\000e}{section.86}% 28
\BOOKMARK [2][-]{subsection.88}{\376\377\0006\000.\0002\000.\0002\000\040\000R\000e\000n\000d\000e\000r\000i\000n\000g}{section.86}% 29
\BOOKMARK [2][-]{subsection.89}{\376\377\0006\000.\0002\000.\0003\000\040\000A\000P\000I\000\040\000I\000n\000t\000e\000r\000a\000c\000t\000i\000o\000n}{section.86}% 30
\BOOKMARK [1][-]{section.90}{\376\377\0006\000.\0003\000\040\000D\000a\000t\000a\000b\000a\000s\000e\000\040\000I\000m\000p\000l\000e\000m\000e\000n\000t\000a\000t\000i\000o\000n}{chapter.81}% 31
\BOOKMARK [2][-]{subsection.91}{\376\377\0006\000.\0003\000.\0001\000\040\000P\000o\000s\000t\000g\000r\000e\000S\000Q\000L}{section.90}% 32
\BOOKMARK [2][-]{subsection.92}{\376\377\0006\000.\0003\000.\0002\000\040\000E\000t\000h\000e\000r\000e\000u\000m\000\040\000S\000i\000d\000e\000c\000h\000a\000i\000n}{section.90}% 33
\BOOKMARK [1][-]{section.93}{\376\377\0006\000.\0004\000\040\000R\000e\000a\000l\000-\000t\000i\000m\000e\000\040\000C\000o\000m\000m\000u\000n\000i\000c\000a\000t\000i\000o\000n}{chapter.81}% 34
\BOOKMARK [1][-]{section.94}{\376\377\0006\000.\0005\000\040\000D\000e\000v\000O\000p\000s\000\040\000a\000n\000d\000\040\000C\000o\000n\000t\000a\000i\000n\000e\000r\000i\000z\000a\000t\000i\000o\000n\000\040\000\050\000D\000o\000c\000k\000e\000r\000\051}{chapter.81}% 35
\BOOKMARK [0][-]{chapter.95}{\376\377\0007\000\040\000T\000e\000s\000t\000i\000n\000g\000\040\000a\000n\000d\000\040\000E\000v\000a\000l\000u\000a\000t\000i\000o\000n}{}% 36
\BOOKMARK [1][-]{section.96}{\376\377\0007\000.\0001\000\040\000T\000e\000s\000t\000i\000n\000g\000\040\000S\000t\000r\000a\000t\000e\000g\000y}{chapter.95}% 37
\BOOKMARK [1][-]{section.97}{\376\377\0007\000.\0002\000\040\000U\000n\000i\000t\000\040\000T\000e\000s\000t\000i\000n\000g}{chapter.95}% 38
\BOOKMARK [1][-]{section.98}{\376\377\0007\000.\0003\000\040\000I\000n\000t\000e\000g\000r\000a\000t\000i\000o\000n\000\040\000T\000e\000s\000t\000i\000n\000g}{chapter.95}% 39
\BOOKMARK [1][-]{section.99}{\376\377\0007\000.\0004\000\040\000E\000n\000d\000-\000t\000o\000-\000E\000n\000d\000\040\000\050\000E\0002\000E\000\051\000\040\000T\000e\000s\000t\000i\000n\000g}{chapter.95}% 40
\BOOKMARK [1][-]{section.100}{\376\377\0007\000.\0005\000\040\000S\000e\000c\000u\000r\000i\000t\000y\000\040\000T\000e\000s\000t\000i\000n\000g}{chapter.95}% 41
\BOOKMARK [1][-]{section.101}{\376\377\0007\000.\0006\000\040\000U\000s\000a\000b\000i\000l\000i\000t\000y\000\040\000a\000n\000d\000\040\000A\000c\000c\000e\000s\000s\000i\000b\000i\000l\000i\000t\000y\000\040\000T\000e\000s\000t\000i\000n\000g}{chapter.95}% 42
\BOOKMARK [1][-]{section.102}{\376\377\0007\000.\0007\000\040\000E\000v\000a\000l\000u\000a\000t\000i\000o\000n}{chapter.95}% 43
\BOOKMARK [0][-]{chapter.103}{\376\377\0008\000\040\000B\000l\000o\000c\000k\000c\000h\000a\000i\000n\000\040\000I\000n\000t\000e\000g\000r\000a\000t\000i\000o\000n\000\040\000f\000o\000r\000\040\000T\000o\000u\000r\000n\000a\000m\000e\000n\000t\000\040\000R\000e\000c\000o\000r\000d\000s}{}% 44
\BOOKMARK [1][-]{section.104}{\376\377\0008\000.\0001\000\040\000R\000a\000t\000i\000o\000n\000a\000l\000e\000\040\000f\000o\000r\000\040\000B\000l\000o\000c\000k\000c\000h\000a\000i\000n\000\040\000I\000n\000t\000e\000g\000r\000a\000t\000i\000o\000n}{chapter.103}% 45
\BOOKMARK [1][-]{section.105}{\376\377\0008\000.\0002\000\040\000T\000e\000c\000h\000n\000o\000l\000o\000g\000y\000\040\000C\000h\000o\000i\000c\000e\000s}{chapter.103}% 46
\BOOKMARK [1][-]{section.106}{\376\377\0008\000.\0003\000\040\000S\000m\000a\000r\000t\000\040\000C\000o\000n\000t\000r\000a\000c\000t\000\040\000D\000e\000s\000i\000g\000n}{chapter.103}% 47
\BOOKMARK [1][-]{section.107}{\376\377\0008\000.\0004\000\040\000B\000a\000c\000k\000e\000n\000d\000\040\000I\000n\000t\000e\000r\000a\000c\000t\000i\000o\000n\000\040\000\050\000D\000j\000a\000n\000g\000o\000\051}{chapter.103}% 48
\BOOKMARK [1][-]{section.114}{\376\377\0008\000.\0005\000\040\000S\000e\000c\000u\000r\000i\000t\000y\000\040\000C\000o\000n\000s\000i\000d\000e\000r\000a\000t\000i\000o\000n\000s}{chapter.103}% 49
\BOOKMARK [1][-]{section.115}{\376\377\0008\000.\0006\000\040\000L\000i\000m\000i\000t\000a\000t\000i\000o\000n\000s\000\040\000a\000n\000d\000\040\000A\000l\000t\000e\000r\000n\000a\000t\000i\000v\000e\000s}{chapter.103}% 50
\BOOKMARK [0][-]{chapter.116}{\376\377\0009\000\040\000D\000e\000p\000l\000o\000y\000m\000e\000n\000t\000\040\000a\000n\000d\000\040\000O\000p\000e\000r\000a\000t\000i\000o\000n\000s}{}% 51
\BOOKMARK [1][-]{section.117}{\376\377\0009\000.\0001\000\040\000D\000e\000p\000l\000o\000y\000m\000e\000n\000t\000\040\000S\000t\000r\000a\000t\000e\000g\000y}{chapter.116}% 52
\BOOKMARK [1][-]{section.118}{\376\377\0009\000.\0002\000\040\000E\000n\000v\000i\000r\000o\000n\000m\000e\000n\000t\000\040\000C\000o\000n\000f\000i\000g\000u\000r\000a\000t\000i\000o\000n}{chapter.116}% 53
\BOOKMARK [1][-]{section.119}{\376\377\0009\000.\0003\000\040\000W\000e\000b\000\040\000S\000e\000r\000v\000e\000r\000\040\000a\000n\000d\000\040\000R\000e\000v\000e\000r\000s\000e\000\040\000P\000r\000o\000x\000y\000\040\000\050\000N\000g\000i\000n\000x\000\051}{chapter.116}% 54
\BOOKMARK [1][-]{section.120}{\376\377\0009\000.\0004\000\040\000M\000o\000n\000i\000t\000o\000r\000i\000n\000g\000\040\000a\000n\000d\000\040\000L\000o\000g\000g\000i\000n\000g\000\040\000\050\000E\000L\000K\000\040\000S\000t\000a\000c\000k\000\051}{chapter.116}% 55
\BOOKMARK [1][-]{section.121}{\376\377\0009\000.\0005\000\040\000M\000a\000i\000n\000t\000e\000n\000a\000n\000c\000e\000\040\000C\000o\000n\000s\000i\000d\000e\000r\000a\000t\000i\000o\000n\000s}{chapter.116}% 56
\BOOKMARK [0][-]{chapter*.122}{\376\377\000C\000o\000n\000c\000l\000u\000s\000i\000o\000n}{}% 57
\BOOKMARK [0][-]{chapter.123}{\376\377\0001\0000\000\040\000A\000p\000p\000e\000n\000d\000i\000x}{}% 58
\BOOKMARK [1][-]{figure.caption.126}{\376\377\000R\000e\000f\000e\000r\000e\000n\000c\000e\000s}{chapter.123}% 59
