This is pdfTeX, Version 3.141592653-2.6-1.40.24 (TeX Live 2022/Debian) (preloaded format=pdflatex 2025.4.30)  11 MAY 2025 10:14
entering extended mode
 restricted \write18 enabled.
 file:line:error style messages enabled.
 %&-line parsing enabled.
**/home/heltayb/Music/goinfre/transcendence/Documents/report/Thesis.tex
(/home/heltayb/Music/goinfre/transcendence/Documents/report/Thesis.tex
LaTeX2e <2022-11-01> patch level 1
L3 programming layer <2023-01-16> (./Thesis.cls
Document Class: Thesis 2007/22/02 v1.0 LaTeX document class
(/usr/share/texlive/texmf-dist/tex/latex/base/book.cls
Document Class: book 2022/07/02 v1.4n Standard LaTeX document class
(/usr/share/texlive/texmf-dist/tex/latex/base/bk11.clo
File: bk11.clo 2022/07/02 v1.4n Standard LaTeX file (size option)
)
\c@part=\count185
\c@chapter=\count186
\c@section=\count187
\c@subsection=\count188
\c@subsubsection=\count189
\c@paragraph=\count190
\c@subparagraph=\count191
\c@figure=\count192
\c@table=\count193
\abovecaptionskip=\skip48
\belowcaptionskip=\skip49
\bibindent=\dimen140
) (/usr/share/texlive/texmf-dist/tex/latex/setspace/setspace.sty
Package: setspace 2022/12/04 v6.7b set line spacing
) (/usr/share/texlive/texmf-dist/tex/latex/vmargin/vmargin.sty
Package: vmargin 2004/07/15 V2.5 set document margins (VK)

Package: vmargin 2004/07/15 V2.5 set document margins (VK)
\PaperWidth=\dimen141
\PaperHeight=\dimen142
) (/usr/share/texlive/texmf-dist/tex/latex/fancyhdr/fancyhdr.sty
Package: fancyhdr 2022/11/09 v4.1 Extensive control of page headers and footers
\f@nch@headwidth=\skip50
\f@nch@O@elh=\skip51
\f@nch@O@erh=\skip52
\f@nch@O@olh=\skip53
\f@nch@O@orh=\skip54
\f@nch@O@elf=\skip55
\f@nch@O@erf=\skip56
\f@nch@O@olf=\skip57
\f@nch@O@orf=\skip58
) (/usr/share/texlive/texmf-dist/tex/latex/amsmath/amsmath.sty
Package: amsmath 2022/04/08 v2.17n AMS math features
\@mathmargin=\skip59

For additional information on amsmath, use the `?' option.
(/usr/share/texlive/texmf-dist/tex/latex/amsmath/amstext.sty
Package: amstext 2021/08/26 v2.01 AMS text
 (/usr/share/texlive/texmf-dist/tex/latex/amsmath/amsgen.sty
File: amsgen.sty 1999/11/30 v2.0 generic functions
\@emptytoks=\toks16
\ex@=\dimen143
)) (/usr/share/texlive/texmf-dist/tex/latex/amsmath/amsbsy.sty
Package: amsbsy 1999/11/29 v1.2d Bold Symbols
\pmbraise@=\dimen144
) (/usr/share/texlive/texmf-dist/tex/latex/amsmath/amsopn.sty
Package: amsopn 2022/04/08 v2.04 operator names
)
\inf@bad=\count194
LaTeX Info: Redefining \frac on input line 234.
\uproot@=\count195
\leftroot@=\count196
LaTeX Info: Redefining \overline on input line 399.
LaTeX Info: Redefining \colon on input line 410.
\classnum@=\count197
\DOTSCASE@=\count198
LaTeX Info: Redefining \ldots on input line 496.
LaTeX Info: Redefining \dots on input line 499.
LaTeX Info: Redefining \cdots on input line 620.
\Mathstrutbox@=\box51
\strutbox@=\box52
LaTeX Info: Redefining \big on input line 722.
LaTeX Info: Redefining \Big on input line 723.
LaTeX Info: Redefining \bigg on input line 724.
LaTeX Info: Redefining \Bigg on input line 725.
\big@size=\dimen145
LaTeX Font Info:    Redeclaring font encoding OML on input line 743.
LaTeX Font Info:    Redeclaring font encoding OMS on input line 744.
\macc@depth=\count199
LaTeX Info: Redefining \bmod on input line 905.
LaTeX Info: Redefining \pmod on input line 910.
LaTeX Info: Redefining \smash on input line 940.
LaTeX Info: Redefining \relbar on input line 970.
LaTeX Info: Redefining \Relbar on input line 971.
\c@MaxMatrixCols=\count266
\dotsspace@=\muskip16
\c@parentequation=\count267
\dspbrk@lvl=\count268
\tag@help=\toks17
\row@=\count269
\column@=\count270
\maxfields@=\count271
\andhelp@=\toks18
\eqnshift@=\dimen146
\alignsep@=\dimen147
\tagshift@=\dimen148
\tagwidth@=\dimen149
\totwidth@=\dimen150
\lineht@=\dimen151
\@envbody=\toks19
\multlinegap=\skip60
\multlinetaggap=\skip61
\mathdisplay@stack=\toks20
LaTeX Info: Redefining \[ on input line 2953.
LaTeX Info: Redefining \] on input line 2954.
) (/usr/share/texlive/texmf-dist/tex/latex/amsfonts/amsfonts.sty
Package: amsfonts 2013/01/14 v3.01 Basic AMSFonts support
\symAMSa=\mathgroup4
\symAMSb=\mathgroup5
LaTeX Font Info:    Redeclaring math symbol \hbar on input line 98.
LaTeX Font Info:    Overwriting math alphabet `\mathfrak' in version `bold'
(Font)                  U/euf/m/n --> U/euf/b/n on input line 106.
) (/usr/share/texlive/texmf-dist/tex/latex/amsfonts/amssymb.sty
Package: amssymb 2013/01/14 v3.01 AMS font symbols
) (/usr/share/texlive/texmf-dist/tex/latex/amsmath/amscd.sty
Package: amscd 2017/04/14 v2.1 AMS Commutative Diagrams
\athelp@=\toks21
\minaw@=\dimen152
\bigaw@=\dimen153
\minCDarrowwidth=\dimen154
) (/usr/share/texlive/texmf-dist/tex/latex/amscls/amsthm.sty
Package: amsthm 2020/05/29 v2.20.6
\thm@style=\toks22
\thm@bodyfont=\toks23
\thm@headfont=\toks24
\thm@notefont=\toks25
\thm@headpunct=\toks26
\thm@preskip=\skip62
\thm@postskip=\skip63
\thm@headsep=\skip64
\dth@everypar=\toks27
) (/usr/share/texlive/texmf-dist/tex/latex/tools/xspace.sty
Package: xspace 2014/10/28 v1.13 Space after command names (DPC,MH)
)
\c@example=\count272
\c@theorem=\count273
 (/usr/share/texlive/texmf-dist/tex/latex/caption/caption.sty
Package: caption 2022/03/01 v3.6b Customizing captions (AR)
 (/usr/share/texlive/texmf-dist/tex/latex/caption/caption3.sty
Package: caption3 2022/03/17 v2.3b caption3 kernel (AR)
 (/usr/share/texlive/texmf-dist/tex/latex/graphics/keyval.sty
Package: keyval 2022/05/29 v1.15 key=value parser (DPC)
\KV@toks@=\toks28
)
\caption@tempdima=\dimen155
\captionmargin=\dimen156
\caption@leftmargin=\dimen157
\caption@rightmargin=\dimen158
\caption@width=\dimen159
\caption@indent=\dimen160
\caption@parindent=\dimen161
\caption@hangindent=\dimen162
Package caption Info: Standard document class detected.
)
\c@caption@flags=\count274
\c@continuedfloat=\count275
) (/usr/share/texlive/texmf-dist/tex/latex/graphics/graphicx.sty
Package: graphicx 2021/09/16 v1.2d Enhanced LaTeX Graphics (DPC,SPQR)
 (/usr/share/texlive/texmf-dist/tex/latex/graphics/graphics.sty
Package: graphics 2022/03/10 v1.4e Standard LaTeX Graphics (DPC,SPQR)
 (/usr/share/texlive/texmf-dist/tex/latex/graphics/trig.sty
Package: trig 2021/08/11 v1.11 sin cos tan (DPC)
) (/usr/share/texlive/texmf-dist/tex/latex/graphics-cfg/graphics.cfg
File: graphics.cfg 2016/06/04 v1.11 sample graphics configuration
)
Package graphics Info: Driver file: pdftex.def on input line 107.
 (/usr/share/texlive/texmf-dist/tex/latex/graphics-def/pdftex.def
File: pdftex.def 2022/09/22 v1.2b Graphics/color driver for pdftex
))
\Gin@req@height=\dimen163
\Gin@req@width=\dimen164
) (/usr/share/texlive/texmf-dist/tex/latex/epstopdf-pkg/epstopdf.sty
Package: epstopdf 2020-01-24 v2.11 Conversion with epstopdf on the fly (HO)
 (/usr/share/texlive/texmf-dist/tex/generic/infwarerr/infwarerr.sty
Package: infwarerr 2019/12/03 v1.5 Providing info/warning/error messages (HO)
) (/usr/share/texlive/texmf-dist/tex/latex/grfext/grfext.sty
Package: grfext 2019/12/03 v1.3 Manage graphics extensions (HO)
 (/usr/share/texlive/texmf-dist/tex/generic/kvdefinekeys/kvdefinekeys.sty
Package: kvdefinekeys 2019-12-19 v1.6 Define keys (HO)
)) (/usr/share/texlive/texmf-dist/tex/latex/kvoptions/kvoptions.sty
Package: kvoptions 2022-06-15 v3.15 Key value format for package options (HO)
 (/usr/share/texlive/texmf-dist/tex/generic/ltxcmds/ltxcmds.sty
Package: ltxcmds 2020-05-10 v1.25 LaTeX kernel commands for general use (HO)
) (/usr/share/texlive/texmf-dist/tex/latex/kvsetkeys/kvsetkeys.sty
Package: kvsetkeys 2022-10-05 v1.19 Key value parser (HO)
)) (/usr/share/texlive/texmf-dist/tex/generic/pdftexcmds/pdftexcmds.sty
Package: pdftexcmds 2020-06-27 v0.33 Utility functions of pdfTeX for LuaTeX (HO)
 (/usr/share/texlive/texmf-dist/tex/generic/iftex/iftex.sty
Package: iftex 2022/02/03 v1.0f TeX engine tests
)
Package pdftexcmds Info: \pdf@primitive is available.
Package pdftexcmds Info: \pdf@ifprimitive is available.
Package pdftexcmds Info: \pdfdraftmode found.
) (/usr/share/texlive/texmf-dist/tex/latex/epstopdf-pkg/epstopdf-base.sty
Package: epstopdf-base 2020-01-24 v2.11 Base part for package epstopdf
Package epstopdf-base Info: Redefining graphics rule for `.eps' on input line 485.
Package grfext Info: Graphics extension search list:
(grfext)             [.pdf,.png,.jpg,.mps,.jpeg,.jbig2,.jb2,.PDF,.PNG,.JPG,.JPEG,.JBIG2,.JB2,.eps]
(grfext)             \AppendGraphicsExtensions on input line 504.
 (/usr/share/texlive/texmf-dist/tex/latex/latexconfig/epstopdf-sys.cfg
File: epstopdf-sys.cfg 2010/07/13 v1.3 Configuration of (r)epstopdf for TeX Live
))) (/usr/share/texlive/texmf-dist/tex/latex/subfigure/subfigure.sty
Package: subfigure 2002/03/15 v2.1.5 subfigure package
\subfigtopskip=\skip65
\subfigcapskip=\skip66
\subfigcaptopadj=\dimen165
\subfigbottomskip=\skip67
\subfigcapmargin=\dimen166
\subfiglabelskip=\skip68
\c@subfigure=\count276
\c@lofdepth=\count277
\c@subtable=\count278
\c@lotdepth=\count279

****************************************
* Local config file subfigure.cfg used *
****************************************
(/usr/share/texlive/texmf-dist/tex/latex/subfigure/subfigure.cfg)
\subfig@top=\skip69
\subfig@bottom=\skip70
) (/usr/share/texlive/texmf-dist/tex/latex/booktabs/booktabs.sty
Package: booktabs 2020/01/12 v1.61803398 Publication quality tables
\heavyrulewidth=\dimen167
\lightrulewidth=\dimen168
\cmidrulewidth=\dimen169
\belowrulesep=\dimen170
\belowbottomsep=\dimen171
\aboverulesep=\dimen172
\abovetopsep=\dimen173
\cmidrulesep=\dimen174
\cmidrulekern=\dimen175
\defaultaddspace=\dimen176
\@cmidla=\count280
\@cmidlb=\count281
\@aboverulesep=\dimen177
\@belowrulesep=\dimen178
\@thisruleclass=\count282
\@lastruleclass=\count283
\@thisrulewidth=\dimen179
) (/usr/share/texlive/texmf-dist/tex/latex/graphics/rotating.sty
Package: rotating 2016/08/11 v2.16d rotated objects in LaTeX
 (/usr/share/texlive/texmf-dist/tex/latex/base/ifthen.sty
Package: ifthen 2022/04/13 v1.1d Standard LaTeX ifthen package (DPC)
)
\c@r@tfl@t=\count284
\rotFPtop=\skip71
\rotFPbot=\skip72
\rot@float@box=\box53
\rot@mess@toks=\toks29
) (/usr/share/texlive/texmf-dist/tex/latex/listings/listings.sty
\lst@mode=\count285
\lst@gtempboxa=\box54
\lst@token=\toks30
\lst@length=\count286
\lst@currlwidth=\dimen180
\lst@column=\count287
\lst@pos=\count288
\lst@lostspace=\dimen181
\lst@width=\dimen182
\lst@newlines=\count289
\lst@lineno=\count290
\lst@maxwidth=\dimen183
 (./lstpatch.sty

***
*** This is a patch for listings 1.3, but you're using
*** version 1.8d.
***
*** Patch file not loaded.
***

) (/usr/share/texlive/texmf-dist/tex/latex/listings/lstmisc.sty
File: lstmisc.sty 2020/03/24 1.8d (Carsten Heinz)
\c@lstnumber=\count291
\lst@skipnumbers=\count292
\lst@framebox=\box55
) (/usr/share/texlive/texmf-dist/tex/latex/listings/listings.cfg
File: listings.cfg 2020/03/24 1.8d listings configuration
))
Package: listings 2020/03/24 1.8d (Carsten Heinz)
 (./lstpatch.sty

***
*** This is a patch for listings 1.3, but you're using
*** version 1.8d.
***
 *** Patch file not loaded.
***

) (/usr/share/texlive/texmf-dist/tex/latex/hyperref/hyperref.sty
Package: hyperref 2022-11-13 v7.00u Hypertext links for LaTeX
 (/usr/share/texlive/texmf-dist/tex/generic/pdfescape/pdfescape.sty
Package: pdfescape 2019/12/09 v1.15 Implements pdfTeX's escape features (HO)
) (/usr/share/texlive/texmf-dist/tex/latex/hycolor/hycolor.sty
Package: hycolor 2020-01-27 v1.10 Color options for hyperref/bookmark (HO)
) (/usr/share/texlive/texmf-dist/tex/latex/letltxmacro/letltxmacro.sty
Package: letltxmacro 2019/12/03 v1.6 Let assignment for LaTeX macros (HO)
) (/usr/share/texlive/texmf-dist/tex/latex/auxhook/auxhook.sty
Package: auxhook 2019-12-17 v1.6 Hooks for auxiliary files (HO)
) (/usr/share/texlive/texmf-dist/tex/latex/hyperref/nameref.sty
Package: nameref 2022-05-17 v2.50 Cross-referencing by name of section
 (/usr/share/texlive/texmf-dist/tex/latex/refcount/refcount.sty
Package: refcount 2019/12/15 v3.6 Data extraction from label references (HO)
) (/usr/share/texlive/texmf-dist/tex/generic/gettitlestring/gettitlestring.sty
Package: gettitlestring 2019/12/15 v1.6 Cleanup title references (HO)
)
\c@section@level=\count293
)
\@linkdim=\dimen184
\Hy@linkcounter=\count294
\Hy@pagecounter=\count295
 (/usr/share/texlive/texmf-dist/tex/latex/hyperref/pd1enc.def
File: pd1enc.def 2022-11-13 v7.00u Hyperref: PDFDocEncoding definition (HO)
Now handling font encoding PD1 ...
... no UTF-8 mapping file for font encoding PD1
) (/usr/share/texlive/texmf-dist/tex/generic/intcalc/intcalc.sty
Package: intcalc 2019/12/15 v1.3 Expandable calculations with integers (HO)
) (/usr/share/texlive/texmf-dist/tex/generic/etexcmds/etexcmds.sty
Package: etexcmds 2019/12/15 v1.7 Avoid name clashes with e-TeX commands (HO)
)
\Hy@SavedSpaceFactor=\count296
 (/usr/share/texlive/texmf-dist/tex/latex/hyperref/puenc.def
File: puenc.def 2022-11-13 v7.00u Hyperref: PDF Unicode definition (HO)
Now handling font encoding PU ...
... no UTF-8 mapping file for font encoding PU
)
Package hyperref Info: Option `bookmarks' set `true' on input line 4045.
Package hyperref Info: Option `bookmarksopen' set `true' on input line 4045.
Package hyperref Info: Option `bookmarksnumbered' set `true' on input line 4045.
Package hyperref Info: Option `hypertexnames' set `false' on input line 4045.
Package hyperref Info: Option `colorlinks' set `true' on input line 4045.
Package hyperref Info: Option `unicode' set `true' on input line 4045.
Package hyperref Info: Option `breaklinks' set `true' on input line 4045.
Package hyperref Info: Hyper figures OFF on input line 4162.
Package hyperref Info: Link nesting OFF on input line 4167.
Package hyperref Info: Hyper index ON on input line 4170.
Package hyperref Info: Plain pages OFF on input line 4177.
Package hyperref Info: Backreferencing OFF on input line 4182.
Package hyperref Info: Implicit mode ON; LaTeX internals redefined.
Package hyperref Info: Bookmarks ON on input line 4410.
\c@Hy@tempcnt=\count297
 (/usr/share/texlive/texmf-dist/tex/latex/url/url.sty
\Urlmuskip=\muskip17
Package: url 2013/09/16  ver 3.4  Verb mode for urls, etc.
)
LaTeX Info: Redefining \url on input line 4748.
\XeTeXLinkMargin=\dimen185
 (/usr/share/texlive/texmf-dist/tex/generic/bitset/bitset.sty
Package: bitset 2019/12/09 v1.3 Handle bit-vector datatype (HO)
 (/usr/share/texlive/texmf-dist/tex/generic/bigintcalc/bigintcalc.sty
Package: bigintcalc 2019/12/15 v1.5 Expandable calculations on big integers (HO)
))
\Fld@menulength=\count298
\Field@Width=\dimen186
\Fld@charsize=\dimen187
Package hyperref Info: Hyper figures OFF on input line 6027.
Package hyperref Info: Link nesting OFF on input line 6032.
Package hyperref Info: Hyper index ON on input line 6035.
Package hyperref Info: backreferencing OFF on input line 6042.
Package hyperref Info: Link coloring ON on input line 6045.
Package hyperref Info: Link coloring with OCG OFF on input line 6052.
Package hyperref Info: PDF/A mode OFF on input line 6057.
 (/usr/share/texlive/texmf-dist/tex/latex/base/atbegshi-ltx.sty
Package: atbegshi-ltx 2021/01/10 v1.0c Emulation of the original atbegshi
package with kernel methods
)
\Hy@abspage=\count299
\c@Item=\count300
\c@Hfootnote=\count301
)
Package hyperref Info: Driver (autodetected): hpdftex.
 (/usr/share/texlive/texmf-dist/tex/latex/hyperref/hpdftex.def
File: hpdftex.def 2022-11-13 v7.00u Hyperref driver for pdfTeX
 (/usr/share/texlive/texmf-dist/tex/latex/base/atveryend-ltx.sty
Package: atveryend-ltx 2020/08/19 v1.0a Emulation of the original atveryend package
with kernel methods
)
\Fld@listcount=\count302
\c@bookmark@seq@number=\count303
 (/usr/share/texlive/texmf-dist/tex/latex/rerunfilecheck/rerunfilecheck.sty
Package: rerunfilecheck 2022-07-10 v1.10 Rerun checks for auxiliary files (HO)
 (/usr/share/texlive/texmf-dist/tex/generic/uniquecounter/uniquecounter.sty
Package: uniquecounter 2019/12/15 v1.4 Provide unlimited unique counter (HO)
)
Package uniquecounter Info: New unique counter `rerunfilecheck' on input line 285.
)
\Hy@SectionHShift=\skip73
)
\c@dummy=\count304
 (/usr/share/texlive/texmf-dist/tex/latex/tools/longtable.sty
Package: longtable 2021-09-01 v4.17 Multi-page Table package (DPC)
\LTleft=\skip74
\LTright=\skip75
\LTpre=\skip76
\LTpost=\skip77
\LTchunksize=\count305
\LTcapwidth=\dimen188
\LT@head=\box56
\LT@firsthead=\box57
\LT@foot=\box58
\LT@lastfoot=\box59
\LT@gbox=\box60
\LT@cols=\count306
\LT@rows=\count307
\c@LT@tables=\count308
\c@LT@chunks=\count309
\LT@p@ftn=\toks31
) (/usr/share/texlive/texmf-dist/tex/latex/float/float.sty
Package: float 2001/11/08 v1.3d Float enhancements (AL)
\c@float@type=\count310
\float@exts=\toks32
\float@box=\box61
\@float@everytoks=\toks33
\@floatcapt=\box62
)) (/usr/share/texlive/texmf-dist/tex/latex/appendix/appendix.sty
Package: appendix 2020/02/08 v1.2c extra appendix facilities
\c@@pps=\count311
\c@@ppsavesec=\count312
\c@@ppsaveapp=\count313
) (/usr/share/texlive/texmf-dist/tex/latex/natbib/natbib.sty
Package: natbib 2010/09/13 8.31b (PWD, AO)
\bibhang=\skip78
\bibsep=\skip79
LaTeX Info: Redefining \cite on input line 694.
\c@NAT@ctr=\count314
) (/usr/share/texlive/texmf-dist/tex/latex/tools/verbatim.sty
Package: verbatim 2022-07-02 v1.5u LaTeX2e package for verbatim enhancements
\every@verbatim=\toks34
\verbatim@line=\toks35
\verbatim@in@stream=\read2
) (./vector.sty
Package: vector 1994/09/16 v1.0 vector macros for LaTeX2e (nde)
 (/usr/share/texlive/texmf-dist/tex/latex/tools/calc.sty
Package: calc 2017/05/25 v4.3 Infix arithmetic (KKT,FJ)
\calc@Acount=\count315
\calc@Bcount=\count316
\calc@Adimen=\dimen189
\calc@Bdimen=\dimen190
\calc@Askip=\skip80
\calc@Bskip=\skip81
LaTeX Info: Redefining \setlength on input line 80.
LaTeX Info: Redefining \addtolength on input line 81.
\calc@Ccount=\count317
\calc@Cskip=\skip82
)
\c@vec@elem=\count318
) (/usr/share/texlive/texmf-dist/tex/latex/placeins/placeins.sty
Package: placeins 2005/04/18  v 2.2
) (/usr/share/texlive/texmf-dist/tex/latex/tools/array.sty
Package: array 2022/09/04 v2.5g Tabular extension package (FMi)
\col@sep=\dimen191
\ar@mcellbox=\box63
\extrarowheight=\dimen192
\NC@list=\toks36
\extratabsurround=\skip83
\backup@length=\skip84
\ar@cellbox=\box64
) (/usr/share/texlive/texmf-dist/tex/latex/xcolor/xcolor.sty
Package: xcolor 2022/06/12 v2.14 LaTeX color extensions (UK)
 (/usr/share/texlive/texmf-dist/tex/latex/graphics-cfg/color.cfg
File: color.cfg 2016/01/02 v1.6 sample color configuration
)
Package xcolor Info: Driver file: pdftex.def on input line 227.
 (/usr/share/texlive/texmf-dist/tex/latex/colortbl/colortbl.sty
Package: colortbl 2022/06/20 v1.0f Color table columns (DPC)
\everycr=\toks37
\minrowclearance=\skip85
\rownum=\count319
) (/usr/share/texlive/texmf-dist/tex/latex/graphics/mathcolor.ltx)
Package xcolor Info: Model `cmy' substituted by `cmy0' on input line 1353.
Package xcolor Info: Model `hsb' substituted by `rgb' on input line 1357.
Package xcolor Info: Model `RGB' extended on input line 1369.
Package xcolor Info: Model `HTML' substituted by `rgb' on input line 1371.
Package xcolor Info: Model `Hsb' substituted by `hsb' on input line 1372.
Package xcolor Info: Model `tHsb' substituted by `hsb' on input line 1373.
Package xcolor Info: Model `HSB' substituted by `hsb' on input line 1374.
Package xcolor Info: Model `Gray' substituted by `gray' on input line 1375.
Package xcolor Info: Model `wave' substituted by `hsb' on input line 1376.
) (/usr/share/texlive/texmf-dist/tex/latex/multirow/multirow.sty
Package: multirow 2021/03/15 v2.8 Span multiple rows of a table
\multirow@colwidth=\skip86
\multirow@cntb=\count320
\multirow@dima=\skip87
\bigstrutjot=\dimen193
) (/usr/share/texlive/texmf-dist/tex/latex/pdflscape/pdflscape.sty
Package: pdflscape 2022-10-27 v0.13 Display of landscape pages in PDF
 (/usr/share/texlive/texmf-dist/tex/latex/pdflscape/pdflscape-nometadata.sty
Package: pdflscape-nometadata 2022-10-28 v0.13 Display of landscape pages in PDF (HO)
 (/usr/share/texlive/texmf-dist/tex/latex/graphics/lscape.sty
Package: lscape 2020/05/28 v3.02 Landscape Pages (DPC)
)
Package pdflscape Info: Auto-detected driver: pdftex on input line 81.
)) (/usr/share/texlive/texmf-dist/tex/latex/tools/multicol.sty
Package: multicol 2021/11/30 v1.9d multicolumn formatting (FMi)
\c@tracingmulticols=\count321
\mult@box=\box65
\multicol@leftmargin=\dimen194
\c@unbalance=\count322
\c@collectmore=\count323
\doublecol@number=\count324
\multicoltolerance=\count325
\multicolpretolerance=\count326
\full@width=\dimen195
\page@free=\dimen196
\premulticols=\dimen197
\postmulticols=\dimen198
\multicolsep=\skip88
\multicolbaselineskip=\skip89
\partial@page=\box66
\last@line=\box67
\maxbalancingoverflow=\dimen199
\mult@rightbox=\box68
\mult@grightbox=\box69
\mult@firstbox=\box70
\mult@gfirstbox=\box71
\@tempa=\box72
\@tempa=\box73
\@tempa=\box74
\@tempa=\box75
\@tempa=\box76
\@tempa=\box77
\@tempa=\box78
\@tempa=\box79
\@tempa=\box80
\@tempa=\box81
\@tempa=\box82
\@tempa=\box83
\@tempa=\box84
\@tempa=\box85
\@tempa=\box86
\@tempa=\box87
\@tempa=\box88
\@tempa=\box89
\@tempa=\box90
\@tempa=\box91
\@tempa=\box92
\@tempa=\box93
\@tempa=\box94
\@tempa=\box95
\@tempa=\box96
\@tempa=\box97
\@tempa=\box98
\@tempa=\box99
\@tempa=\box100
\@tempa=\box101
\@tempa=\box102
\@tempa=\box103
\@tempa=\box104
\@tempa=\box105
\@tempa=\box106
\@tempa=\box107
\c@minrows=\count327
\c@columnbadness=\count328
\c@finalcolumnbadness=\count329
\last@try=\dimen256
\multicolovershoot=\dimen257
\multicolundershoot=\dimen258
\mult@nat@firstbox=\box108
\colbreak@box=\box109
\mc@col@check@num=\count330
) (/usr/share/texlive/texmf-dist/tex/latex/enumitem/enumitem.sty
Package: enumitem 2019/06/20 v3.9 Customized lists
\labelindent=\skip90
\enit@outerparindent=\dimen259
\enit@toks=\toks38
\enit@inbox=\box110
\enit@count@id=\count331
\enitdp@description=\count332
)
Package hyperref Info: Option `colorlinks' set `true' on input line 26.
 (/usr/share/texlive/texmf-dist/tex/latex/l3backend/l3backend-pdftex.def
File: l3backend-pdftex.def 2023-01-16 L3 backend support: PDF output (pdfTeX)
\l__color_backend_stack_int=\count333
\l__pdf_internal_box=\box111
) (./Thesis.aux)
\openout1 = `Thesis.aux'.

LaTeX Font Info:    Checking defaults for OML/cmm/m/it on input line 30.
LaTeX Font Info:    ... okay on input line 30.
LaTeX Font Info:    Checking defaults for OMS/cmsy/m/n on input line 30.
LaTeX Font Info:    ... okay on input line 30.
LaTeX Font Info:    Checking defaults for OT1/cmr/m/n on input line 30.
LaTeX Font Info:    ... okay on input line 30.
LaTeX Font Info:    Checking defaults for T1/cmr/m/n on input line 30.
LaTeX Font Info:    ... okay on input line 30.
LaTeX Font Info:    Checking defaults for TS1/cmr/m/n on input line 30.
LaTeX Font Info:    ... okay on input line 30.
LaTeX Font Info:    Checking defaults for OMX/cmex/m/n on input line 30.
LaTeX Font Info:    ... okay on input line 30.
LaTeX Font Info:    Checking defaults for U/cmr/m/n on input line 30.
LaTeX Font Info:    ... okay on input line 30.
LaTeX Font Info:    Checking defaults for PD1/pdf/m/n on input line 30.
LaTeX Font Info:    ... okay on input line 30.
LaTeX Font Info:    Checking defaults for PU/pdf/m/n on input line 30.
LaTeX Font Info:    ... okay on input line 30.
Package caption Info: Begin \AtBeginDocument code.
Package caption Info: float package is loaded.
Package caption Info: hyperref package is loaded.
Package caption Info: listings package is loaded.
Package caption Info: longtable package is loaded.
 (/usr/share/texlive/texmf-dist/tex/latex/caption/ltcaption.sty
Package: ltcaption 2021/01/08 v1.4c longtable captions (AR)
)
Package caption Info: rotating package is loaded.
Package caption Info: subfigure package is loaded.
Package caption Info: End \AtBeginDocument code.
 (/usr/share/texlive/texmf-dist/tex/context/base/mkii/supp-pdf.mkii
[Loading MPS to PDF converter (version 2006.09.02).]
\scratchcounter=\count334
\scratchdimen=\dimen260
\scratchbox=\box112
\nofMPsegments=\count335
\nofMParguments=\count336
\everyMPshowfont=\toks39
\MPscratchCnt=\count337
\MPscratchDim=\dimen261
\MPnumerator=\count338
\makeMPintoPDFobject=\count339
\everyMPtoPDFconversion=\toks40
)
\c@lstlisting=\count340
Package hyperref Info: Link coloring ON on input line 30.
 (./Thesis.out) (./Thesis.out)
\@outlinefile=\write3
\openout3 = `Thesis.out'.


------------------------------------------------------------------------------
 Title Page
------------------------------------------------------------------------------
<./Figures/42AD.png, id=261, 367.3725pt x 126.4725pt>
File: ./Figures/42AD.png Graphic file (type png)
<use ./Figures/42AD.png>
Package pdftex.def Info: ./Figures/42AD.png  used on input line 45.
(pdftex.def)             Requested size: 187.39285pt x 64.51363pt.
LaTeX Font Info:    Trying to load font information for U+msa on input line 45.
(/usr/share/texlive/texmf-dist/tex/latex/amsfonts/umsa.fd
File: umsa.fd 2013/01/14 v3.01 AMS symbols A
)
LaTeX Font Info:    Trying to load font information for U+msb on input line 45.
 (/usr/share/texlive/texmf-dist/tex/latex/amsfonts/umsb.fd
File: umsb.fd 2013/01/14 v3.01 AMS symbols B
) [1



{/var/lib/texmf/fonts/map/pdftex/updmap/pdftex.map} <./Figures/42AD.png>]
------------------------------------------------------------------------------
 Abstract Page
------------------------------------------------------------------------------
[1


]
------------------------------------------------------------------------------
 Table of Contents
------------------------------------------------------------------------------
(./Thesis.toc [2





])
\tf@toc=\write4
\openout4 = `Thesis.toc'.

 [3]
------------------------------------------------------------------------------
 List of Figures
------------------------------------------------------------------------------
(./Thesis.lof)
\tf@lof=\write5
\openout5 = `Thesis.lof'.

 [4




]
------------------------------------------------------------------------------
 List of Tables
------------------------------------------------------------------------------
(./Thesis.lot)
\tf@lot=\write6
\openout6 = `Thesis.lot'.

 [5




] [6




] (./Chapters/Chapter1.tex
Chapter 1.
[1




]) (./Chapters/Chapter2.tex [2]
Chapter 2.
[3


]
Overfull \hbox (4.4249pt too wide) in paragraph at lines 35--36
[]\OT1/cmr/m/n/10.95 Containerize all ap-pli-ca-tion com-po-nents (fron-tend, back-end, database, etc.) us-ing \OT1/cmr/bx/n/10.95 Docker\OT1/cmr/m/n/10.95 . 
 []


Overfull \hbox (1.91808pt too wide) in paragraph at lines 38--39
[]\OT1/cmr/m/n/10.95 Integrate cen-tral-ized log-ging and mon-i-tor-ing us-ing the \OT1/cmr/bx/n/10.95 ELK stack \OT1/cmr/m/n/10.95 (Elas-tic-search, Kibana)
 []

[4]
Chapter 3.
[5


]
Overfull \hbox (20.13564pt too wide) in paragraph at lines 65--66
[]\OT1/cmr/bx/n/10.95 Frontend Im-ple-men-ta-tion: \OT1/cmr/m/n/10.95 De-vel-oped a Single-Page Ap-pli-ca-tion (SPA) us-ing Vanilla JavaScript
 []


Overfull \hbox (22.7866pt too wide) in paragraph at lines 68--69
[]\OT1/cmr/bx/n/10.95 Enhanced Se-cu-rity: \OT1/cmr/m/n/10.95 In-te-grated JWT (JSON Web To-kens) via \OT1/cmtt/m/n/10.95 djangorestframework-simplejwt
 []


Overfull \hbox (1.21887pt too wide) in paragraph at lines 68--69
\OT1/cmr/m/n/10.95 for state-less ses-sion man-age-ment (us-ing se-cure HttpOnly cook-ies) and pro-vided op-tional TOTP-
 []

[6]
<Figures//images/workflow.png, id=409, 5337.9425pt x 5890.005pt>
File: Figures//images/workflow.png Graphic file (type png)
<use Figures//images/workflow.png>
Package pdftex.def Info: Figures//images/workflow.png  used on input line 93.
(pdftex.def)             Requested size: 475.28929pt x 524.41551pt.
 [7] [8 <./Figures//images/workflow.png>] [9] [10]) (./Chapters/Chapter3.tex [11]
Chapter 4.
<Figures//images/gantt-chart.png, id=438, 3377.61874pt x 1566.85374pt>
File: Figures//images/gantt-chart.png Graphic file (type png)
<use Figures//images/gantt-chart.png>
Package pdftex.def Info: Figures//images/gantt-chart.png  used on input line 16.
(pdftex.def)             Requested size: 3377.61055pt x 1566.84993pt.

LaTeX Warning: Float too large for page by 21.97021pt on input line 19.

[12


] [13 <./Figures//images/gantt-chart.png>]
Underfull \hbox (badness 10000) in paragraph at lines 38--38
[]|\OT1/cmr/bx/n/10.95 Risk De-scrip-
 []


Underfull \hbox (badness 10000) in paragraph at lines 38--38
[]|\OT1/cmr/bx/n/10.95 Mitigation
 []


Underfull \hbox (badness 10000) in paragraph at lines 40--40
[]|\OT1/cmr/m/n/10.95 Technical
 []


Underfull \hbox (badness 10000) in paragraph at lines 40--40
\OT1/cmr/m/n/10.95 com-plex-ity
 []


Underfull \hbox (badness 10000) in paragraph at lines 40--40
\OT1/cmr/m/n/10.95 of in-te-grat-ing
 []


Underfull \hbox (badness 10000) in paragraph at lines 40--40
[]|\OT1/cmr/m/n/10.95 Early re-search
 []


Underfull \hbox (badness 2088) in paragraph at lines 40--40
\OT1/cmr/m/n/10.95 and pro-to-typ-ing;
 []


Underfull \hbox (badness 10000) in paragraph at lines 40--40
\OT1/cmr/m/n/10.95 ded-i-cated team
 []


Overfull \hbox (5.29665pt too wide) in paragraph at lines 40--40
[]|\OT1/cmr/m/n/10.95 Development
 []


Underfull \hbox (badness 5008) in paragraph at lines 42--42
[]|\OT1/cmr/m/n/10.95 Real-time game-
 []


Underfull \hbox (badness 4108) in paragraph at lines 42--42
\OT1/cmr/m/n/10.95 play la-tency is-
 []


Underfull \hbox (badness 10000) in paragraph at lines 42--42
[]|\OT1/cmr/m/n/10.95 Implement ef-fi-
 []


Underfull \hbox (badness 2401) in paragraph at lines 42--42
\OT1/cmr/m/n/10.95 cient al-go-rithms,
 []


Underfull \hbox (badness 10000) in paragraph at lines 42--42
\OT1/cmr/m/n/10.95 stress test-ing,
 []


Underfull \hbox (badness 3884) in paragraph at lines 42--42
[]|\OT1/cmr/m/n/10.95 Game Dev
 []


Underfull \hbox (badness 10000) in paragraph at lines 44--44
[]|\OT1/cmr/m/n/10.95 Security
 []


Underfull \hbox (badness 1275) in paragraph at lines 46--46
\OT1/cmr/m/n/10.95 u-men-ta-tion, pair
 []


Underfull \hbox (badness 10000) in paragraph at lines 46--46
[]|\OT1/cmr/m/n/10.95 DevOps
 []


Underfull \hbox (badness 1205) in paragraph at lines 48--48
[]|\OT1/cmr/m/n/10.95 Scope creep due
 []


Underfull \hbox (badness 10000) in paragraph at lines 48--48
\OT1/cmr/m/n/10.95 to ad-di-tional
 []


Underfull \hbox (badness 10000) in paragraph at lines 48--48
[]|\OT1/cmr/m/n/10.95 Clear re-quire-
 []


Underfull \hbox (badness 10000) in paragraph at lines 48--48
\OT1/cmr/m/n/10.95 ments, reg-u-lar
 []


Underfull \hbox (badness 2229) in paragraph at lines 48--48
\OT1/cmr/m/n/10.95 re-views, pri-or-i-ti-
 []


Underfull \hbox (badness 10000) in paragraph at lines 48--48
[]|\OT1/cmr/m/n/10.95 Project
 []


Underfull \hbox (badness 10000) in paragraph at lines 50--50
[]|\OT1/cmr/m/n/10.95 API spec-i-fi-ca-
 []


Underfull \hbox (badness 2469) in paragraph at lines 50--50
\OT1/cmr/m/n/10.95 tion first, mock
 []


Underfull \hbox (badness 10000) in paragraph at lines 50--50
[]|\OT1/cmr/m/n/10.95 Integration
 []


Underfull \hbox (badness 10000) in paragraph at lines 52--52
[]|\OT1/cmr/m/n/10.95 Team mem-ber
 []


Underfull \hbox (badness 10000) in paragraph at lines 52--52
[]|\OT1/cmr/m/n/10.95 Cross-training,
 []


Underfull \hbox (badness 10000) in paragraph at lines 52--52
\OT1/cmr/m/n/10.95 doc-u-men-ta-
 []


Underfull \hbox (badness 3407) in paragraph at lines 52--52
\OT1/cmr/m/n/10.95 tion, dis-tributed
 []


Underfull \hbox (badness 10000) in paragraph at lines 54--54
[]|\OT1/cmr/m/n/10.95 Cross-browser
 []


Underfull \hbox (badness 4168) in paragraph at lines 54--54
\OT1/cmr/m/n/10.95 test-ing, pro-gres-
 []


Underfull \hbox (badness 10000) in paragraph at lines 54--54
[]|\OT1/cmr/m/n/10.95 UI/UX
 []


Underfull \hbox (badness 10000) in paragraph at lines 56--56
[]|\OT1/cmr/m/n/10.95 Performance is-
 []


Underfull \hbox (badness 6078) in paragraph at lines 56--56
\OT1/cmr/m/n/10.95 sues with ELK
 []


Underfull \hbox (badness 10000) in paragraph at lines 56--56
[]|\OT1/cmr/m/n/10.95 Monitoring, re-
 []


Underfull \hbox (badness 10000) in paragraph at lines 56--56
[]|\OT1/cmr/m/n/10.95 DevOps
 []


Overfull \hbox (4.78407pt too wide) in paragraph at lines 58--58
[]|\OT1/cmr/m/n/10.95 R10| 
 []


Underfull \hbox (badness 10000) in paragraph at lines 58--58
[]|\OT1/cmr/m/n/10.95 Incomplete or
 []


Underfull \hbox (badness 10000) in paragraph at lines 58--58
[]|\OT1/cmr/m/n/10.95 Regular stake-
 []


Underfull \hbox (badness 10000) in paragraph at lines 58--58
\OT1/cmr/m/n/10.95 holder re-views,
 []


Underfull \hbox (badness 10000) in paragraph at lines 58--58
[]|\OT1/cmr/m/n/10.95 Project
 []

[14

]
Overfull \vbox (49.02821pt too high) has occurred while \output is active []

 [15]
Underfull \hbox (badness 10000) in paragraph at lines 77--77
[]|\OT1/cmr/m/n/10.95 Critical Risk
 []


Overfull \hbox (26.30196pt too wide) in paragraph at lines 70--83
 [][] 
 []

[16]
Overfull \hbox (14.92664pt too wide) in paragraph at lines 142--143
\OT1/cmr/m/n/10.95 stor-age of tour-na-ment re-sults. Smart con-tracts de-vel-oped in So-lid-ity (de-tails likely in `Blockchain/`
 []

[17] [18] [19] [20] [21] [22] [23]
Overfull \hbox (4.11592pt too wide) in paragraph at lines 290--291
[]\OT1/cmr/bx/n/10.95 User Man-age-ment and Au-then-ti-ca-tion: \OT1/cmr/m/n/10.95 Se-cure user reg-is-tra-tion, lo-gin (Na-tive, 42 OAuth),
 []

[24] [25]
Overfull \hbox (3.83351pt too wide) in paragraph at lines 341--342
\OT1/cmr/m/n/10.95 se-cure ses-sion man-age-ment (JWT via HttpOnly cook-ies), com-pre-hen-sive pro-file fea-tures (avatar,
 []

) (./Chapters/Chapter4.tex [26]
Chapter 5.
[27


] [28]) (./Chapters/Chapter5.tex [29]
Chapter 6.

Overfull \hbox (33.33325pt too wide) in paragraph at lines 5--6
\OT1/cmr/m/n/10.95 This chap-ter delves into the spe-cific im-ple-men-ta-tion de-tails of the core com-po-nents of the \OT1/cmr/bx/n/10.95 ft[]transcendence
 []

[30


] [31] [32]) (./Chapters/Chapter6.tex [33]
Chapter 7.
[34


] [35] [36]) (./Chapters/Chapter7.tex [37]
Chapter 8.
[38


]
Overfull \hbox (12.94583pt too wide) in paragraph at lines 28--29
\OT1/cmr/m/n/10.95 win-ner's user ID and per-haps a times-tamp. Ex-am-ple: \OT1/cmtt/m/n/10.95 mapping(uint256 => TournamentResult)
 []


Overfull \hbox (16.60431pt too wide) in paragraph at lines 32--33
[]\OT1/cmtt/m/n/10.95 recordTournament(uint256 tournamentId, uint256 winnerUserId)\OT1/cmr/m/n/10.95 : A func-tion callable
 []


Overfull \hbox (12.98479pt too wide) in paragraph at lines 33--34
[]\OT1/cmtt/m/n/10.95 getTournamentWinner(uint256 tournamentId) returns (uint256)\OT1/cmr/m/n/10.95 : A pub-lic view func-
 []


Overfull \hbox (23.92177pt too wide) in paragraph at lines 35--36
[]\OT1/cmr/bx/n/10.95 Events: \OT1/cmr/m/n/10.95 An event (e.g., \OT1/cmtt/m/n/10.95 event TournamentRecorded(uint256 indexed tournamentId, uint256
 []

[39] [40]) (./Chapters/Chapter8.tex [41]
Chapter 9.
[42


]
LaTeX Font Info:    Font shape `OT1/cmtt/bx/n' in size <10.95> not available
(Font)              Font shape `OT1/cmtt/m/n' tried instead on input line 19.
 [43]) (./conclusion.tex [44]) (./appendix.tex [45


]
Chapter 10.
) (./references.tex [46


] [47


]) [48] (./Thesis.aux)
Package rerunfilecheck Info: File `Thesis.out' has not changed.
(rerunfilecheck)             Checksum: 628A2DCA854A480BC68C1AE1D271D555;12088.
 ) 
Here is how much of TeX's memory you used:
 15649 strings out of 476091
 248593 string characters out of 5794081
 1871330 words of memory out of 5000000
 35528 multiletter control sequences out of 15000+600000
 521168 words of font info for 64 fonts, out of 8000000 for 9000
 1141 hyphenation exceptions out of 8191
 78i,14n,81p,2821b,643s stack positions out of 10000i,1000n,20000p,200000b,200000s
{/usr/share/texmf/fonts/enc/dvips/cm-super/cm-super-ts1.enc}</usr/share/texlive/texmf-dist/fonts/type1/public/amsfonts/cm/cmbx10.pfb></usr/share/texlive/texmf-dist/fonts/type1/public/amsfonts/cm/cmbx12.pfb></usr/share/texlive/texmf-dist/fonts/type1/public/amsfonts/cm/cmcsc10.pfb></usr/share/texlive/texmf-dist/fonts/type1/public/amsfonts/cm/cmr10.pfb></usr/share/texlive/texmf-dist/fonts/type1/public/amsfonts/cm/cmr12.pfb></usr/share/texlive/texmf-dist/fonts/type1/public/amsfonts/cm/cmti10.pfb></usr/share/texlive/texmf-dist/fonts/type1/public/amsfonts/cm/cmti12.pfb></usr/share/texlive/texmf-dist/fonts/type1/public/amsfonts/cm/cmtt10.pfb></usr/share/texmf/fonts/type1/public/cm-super/sfrm1095.pfb>
Output written on Thesis.pdf (55 pages, 1274407 bytes).
PDF statistics:
 794 PDF objects out of 1000 (max. 8388607)
 705 compressed objects within 8 object streams
 213 named destinations out of 1000 (max. 500000)
 528 words of extra memory for PDF output out of 10000 (max. 10000000)

